This file contains any messages produced by compilers while
running configure, to aid debugging if configure makes a mistake.

It was created by C Algorithms configure 1.2.0, which was
generated by GNU Autoconf 2.61.  Invocation command line was

  $ ./configure --prefix=/home/vanvv/coding-hub-framework/extlibs/c-algorithms-1.2.0/install/

## --------- ##
## Platform. ##
## --------- ##

hostname = LTHP102018
uname -m = x86_64
uname -r = 4.4.0-18362-Microsoft
uname -s = Linux
uname -v = #476-Microsoft Fri Nov 01 16:53:00 PST 2019

/usr/bin/uname -p = unknown
/bin/uname -X     = unknown

/bin/arch              = unknown
/usr/bin/arch -k       = unknown
/usr/convex/getsysinfo = unknown
/usr/bin/hostinfo      = unknown
/bin/machine           = unknown
/usr/bin/oslevel       = unknown
/bin/universe          = unknown

PATH: /home/vanvv/.vscode-server/bin/c47d83b293181d9be64f27ff093689e8e7aed054/bin
PATH: /usr/local/sbin
PATH: /usr/local/bin
PATH: /usr/sbin
PATH: /usr/bin
PATH: /sbin
PATH: /bin
PATH: /usr/games
PATH: /usr/local/games
PATH: /mnt/c/Program Files (x86)/Common Files/Oracle/Java/javapath
PATH: /mnt/c/Python27/
PATH: /mnt/c/Python27/Scripts
PATH: /mnt/c/ProgramData/Oracle/Java/javapath
PATH: /mnt/c/WINDOWS/system32
PATH: /mnt/c/WINDOWS
PATH: /mnt/c/WINDOWS/System32/Wbem
PATH: /mnt/c/WINDOWS/System32/WindowsPowerShell/v1.0/
PATH: /mnt/c/Program Files/Intel/WiFi/bin/
PATH: /mnt/c/Program Files/Common Files/Intel/WirelessCommon/
PATH: /mnt/c/Program Files/Calibre2/
PATH: /mnt/c/Program Files/nodejs/
PATH: /mnt/c/Program Files/Microsoft VS Code/bin
PATH: /mnt/c/WINDOWS/System32/OpenSSH/
PATH: /mnt/c/Users/vanvv/AppData/Local/Microsoft/WindowsApps
PATH: /mnt/d/working/kube/bin
PATH: /mnt/c/Users/vanvv/AppData/Local/Programs/Git/cmd
PATH: /mnt/c/Program Files/Microsoft VS Code/bin
PATH: /mnt/c/Users/vanvv/AppData/Roaming/npm
PATH: /mnt/c/Users/vanvv/AppData/Local/Programs/Microsoft VS Code/bin
PATH: /mnt/d/working/redis
PATH: /mnt/d/working/apache-cassandra-3.11.2/bin
PATH: /mnt/c/Users/vanvv/AppData/Local/GitHubDesktop/bin
PATH: /mnt/c/Program Files/OpenSSL-Win64/bin
PATH: /mnt/c/Users/vanvv/AppData/Local/Microsoft/WindowsApps
PATH: /mnt/c/Program Files/wkhtmltopdf/bin
PATH: /mnt/c/Users/vanvv/AppData/Local/hyper/app-3.0.2/resources/bin
PATH: /mnt/d/Program Files/eclipse-cpp-2019-09-R-win32-x86_64/eclipse
PATH: /snap/bin


## ----------- ##
## Core tests. ##
## ----------- ##

configure:1985: checking for a BSD-compatible install
configure:2041: result: /usr/bin/install -c
configure:2052: checking whether build environment is sane
configure:2095: result: yes
configure:2152: checking for gawk
configure:2168: found /usr/bin/gawk
configure:2179: result: gawk
configure:2190: checking whether make sets $(MAKE)
configure:2211: result: yes
configure:2431: checking for gcc
configure:2447: found /usr/bin/gcc
configure:2458: result: gcc
configure:2696: checking for C compiler version
configure:2703: gcc --version >&5
gcc (Ubuntu 7.4.0-1ubuntu1~18.04.1) 7.4.0
Copyright (C) 2017 Free Software Foundation, Inc.
This is free software; see the source for copying conditions.  There is NO
warranty; not even for MERCHANTABILITY or FITNESS FOR A PARTICULAR PURPOSE.

configure:2706: $? = 0
configure:2713: gcc -v >&5
Using built-in specs.
COLLECT_GCC=gcc
COLLECT_LTO_WRAPPER=/usr/lib/gcc/x86_64-linux-gnu/7/lto-wrapper
OFFLOAD_TARGET_NAMES=nvptx-none
OFFLOAD_TARGET_DEFAULT=1
Target: x86_64-linux-gnu
Configured with: ../src/configure -v --with-pkgversion='Ubuntu 7.4.0-1ubuntu1~18.04.1' --with-bugurl=file:///usr/share/doc/gcc-7/README.Bugs --enable-languages=c,ada,c++,go,brig,d,fortran,objc,obj-c++ --prefix=/usr --with-gcc-major-version-only --program-suffix=-7 --program-prefix=x86_64-linux-gnu- --enable-shared --enable-linker-build-id --libexecdir=/usr/lib --without-included-gettext --enable-threads=posix --libdir=/usr/lib --enable-nls --with-sysroot=/ --enable-clocale=gnu --enable-libstdcxx-debug --enable-libstdcxx-time=yes --with-default-libstdcxx-abi=new --enable-gnu-unique-object --disable-vtable-verify --enable-libmpx --enable-plugin --enable-default-pie --with-system-zlib --with-target-system-zlib --enable-objc-gc=auto --enable-multiarch --disable-werror --with-arch-32=i686 --with-abi=m64 --with-multilib-list=m32,m64,mx32 --enable-multilib --with-tune=generic --enable-offload-targets=nvptx-none --without-cuda-driver --enable-checking=release --build=x86_64-linux-gnu --host=x86_64-linux-gnu --target=x86_64-linux-gnu
Thread model: posix
gcc version 7.4.0 (Ubuntu 7.4.0-1ubuntu1~18.04.1) 
configure:2716: $? = 0
configure:2723: gcc -V >&5
gcc: error: unrecognized command line option '-V'
gcc: fatal error: no input files
compilation terminated.
configure:2726: $? = 1
configure:2749: checking for C compiler default output file name
configure:2776: gcc    conftest.c  >&5
configure:2779: $? = 0
configure:2817: result: a.out
configure:2834: checking whether the C compiler works
configure:2844: ./a.out
configure:2847: $? = 0
configure:2864: result: yes
configure:2871: checking whether we are cross compiling
configure:2873: result: no
configure:2876: checking for suffix of executables
configure:2883: gcc -o conftest    conftest.c  >&5
configure:2886: $? = 0
configure:2910: result: 
configure:2916: checking for suffix of object files
configure:2942: gcc -c   conftest.c >&5
configure:2945: $? = 0
configure:2968: result: o
configure:2972: checking whether we are using the GNU C compiler
configure:3001: gcc -c   conftest.c >&5
configure:3007: $? = 0
configure:3024: result: yes
configure:3029: checking whether gcc accepts -g
configure:3059: gcc -c -g  conftest.c >&5
configure:3065: $? = 0
configure:3164: result: yes
configure:3181: checking for gcc option to accept ISO C89
configure:3255: gcc  -c -g -O2  conftest.c >&5
configure:3261: $? = 0
configure:3284: result: none needed
configure:3313: checking for style of include used by make
configure:3341: result: GNU
configure:3369: checking dependency style of gcc
configure:3459: result: gcc3
configure:3534: checking for g++
configure:3550: found /usr/bin/g++
configure:3561: result: g++
configure:3592: checking for C++ compiler version
configure:3599: g++ --version >&5
g++ (Ubuntu 7.4.0-1ubuntu1~18.04.1) 7.4.0
Copyright (C) 2017 Free Software Foundation, Inc.
This is free software; see the source for copying conditions.  There is NO
warranty; not even for MERCHANTABILITY or FITNESS FOR A PARTICULAR PURPOSE.

configure:3602: $? = 0
configure:3609: g++ -v >&5
Using built-in specs.
COLLECT_GCC=g++
COLLECT_LTO_WRAPPER=/usr/lib/gcc/x86_64-linux-gnu/7/lto-wrapper
OFFLOAD_TARGET_NAMES=nvptx-none
OFFLOAD_TARGET_DEFAULT=1
Target: x86_64-linux-gnu
Configured with: ../src/configure -v --with-pkgversion='Ubuntu 7.4.0-1ubuntu1~18.04.1' --with-bugurl=file:///usr/share/doc/gcc-7/README.Bugs --enable-languages=c,ada,c++,go,brig,d,fortran,objc,obj-c++ --prefix=/usr --with-gcc-major-version-only --program-suffix=-7 --program-prefix=x86_64-linux-gnu- --enable-shared --enable-linker-build-id --libexecdir=/usr/lib --without-included-gettext --enable-threads=posix --libdir=/usr/lib --enable-nls --with-sysroot=/ --enable-clocale=gnu --enable-libstdcxx-debug --enable-libstdcxx-time=yes --with-default-libstdcxx-abi=new --enable-gnu-unique-object --disable-vtable-verify --enable-libmpx --enable-plugin --enable-default-pie --with-system-zlib --with-target-system-zlib --enable-objc-gc=auto --enable-multiarch --disable-werror --with-arch-32=i686 --with-abi=m64 --with-multilib-list=m32,m64,mx32 --enable-multilib --with-tune=generic --enable-offload-targets=nvptx-none --without-cuda-driver --enable-checking=release --build=x86_64-linux-gnu --host=x86_64-linux-gnu --target=x86_64-linux-gnu
Thread model: posix
gcc version 7.4.0 (Ubuntu 7.4.0-1ubuntu1~18.04.1) 
configure:3612: $? = 0
configure:3619: g++ -V >&5
g++: error: unrecognized command line option '-V'
g++: fatal error: no input files
compilation terminated.
configure:3622: $? = 1
configure:3625: checking whether we are using the GNU C++ compiler
configure:3654: g++ -c   conftest.cpp >&5
configure:3660: $? = 0
configure:3677: result: yes
configure:3682: checking whether g++ accepts -g
configure:3712: g++ -c -g  conftest.cpp >&5
configure:3718: $? = 0
configure:3817: result: yes
configure:3842: checking dependency style of g++
configure:3932: result: gcc3
configure:4027: checking build system type
configure:4045: result: x86_64-unknown-linux-gnu
configure:4067: checking host system type
configure:4082: result: x86_64-unknown-linux-gnu
configure:4104: checking for a sed that does not truncate output
configure:4160: result: /bin/sed
configure:4163: checking for grep that handles long lines and -e
configure:4237: result: /bin/grep
configure:4242: checking for egrep
configure:4320: result: /bin/grep -E
configure:4336: checking for ld used by gcc
configure:4403: result: /usr/bin/ld
configure:4412: checking if the linker (/usr/bin/ld) is GNU ld
configure:4427: result: yes
configure:4432: checking for /usr/bin/ld option to reload object files
configure:4439: result: -r
configure:4457: checking for BSD-compatible nm
configure:4506: result: /usr/bin/nm -B
configure:4510: checking whether ln -s works
configure:4514: result: yes
configure:4521: checking how to recognize dependent libraries
configure:4707: result: pass_all
configure:4796: gcc -c -g -O2  conftest.c >&5
configure:4799: $? = 0
configure:4952: checking how to run the C preprocessor
configure:4992: gcc -E  conftest.c
configure:4998: $? = 0
configure:5029: gcc -E  conftest.c
conftest.c:8:10: fatal error: ac_nonexistent.h: No such file or directory
 #include <ac_nonexistent.h>
          ^~~~~~~~~~~~~~~~~~
compilation terminated.
configure:5035: $? = 1
configure: failed program was:
| /* confdefs.h.  */
| #define PACKAGE_NAME "C Algorithms"
| #define PACKAGE_TARNAME "c-algorithms"
| #define PACKAGE_VERSION "1.2.0"
| #define PACKAGE_STRING "C Algorithms 1.2.0"
| #define PACKAGE_BUGREPORT "fraggle@users.sourceforge.net"
| /* end confdefs.h.  */
| #include <ac_nonexistent.h>
configure:5068: result: gcc -E
configure:5097: gcc -E  conftest.c
configure:5103: $? = 0
configure:5134: gcc -E  conftest.c
conftest.c:8:10: fatal error: ac_nonexistent.h: No such file or directory
 #include <ac_nonexistent.h>
          ^~~~~~~~~~~~~~~~~~
compilation terminated.
configure:5140: $? = 1
configure: failed program was:
| /* confdefs.h.  */
| #define PACKAGE_NAME "C Algorithms"
| #define PACKAGE_TARNAME "c-algorithms"
| #define PACKAGE_VERSION "1.2.0"
| #define PACKAGE_STRING "C Algorithms 1.2.0"
| #define PACKAGE_BUGREPORT "fraggle@users.sourceforge.net"
| /* end confdefs.h.  */
| #include <ac_nonexistent.h>
configure:5178: checking for ANSI C header files
configure:5208: gcc -c -g -O2  conftest.c >&5
configure:5214: $? = 0
configure:5313: gcc -o conftest -g -O2   conftest.c  >&5
configure:5316: $? = 0
configure:5322: ./conftest
configure:5325: $? = 0
configure:5342: result: yes
configure:5366: checking for sys/types.h
configure:5387: gcc -c -g -O2  conftest.c >&5
configure:5393: $? = 0
configure:5409: result: yes
configure:5366: checking for sys/stat.h
configure:5387: gcc -c -g -O2  conftest.c >&5
configure:5393: $? = 0
configure:5409: result: yes
configure:5366: checking for stdlib.h
configure:5387: gcc -c -g -O2  conftest.c >&5
configure:5393: $? = 0
configure:5409: result: yes
configure:5366: checking for string.h
configure:5387: gcc -c -g -O2  conftest.c >&5
configure:5393: $? = 0
configure:5409: result: yes
configure:5366: checking for memory.h
configure:5387: gcc -c -g -O2  conftest.c >&5
configure:5393: $? = 0
configure:5409: result: yes
configure:5366: checking for strings.h
configure:5387: gcc -c -g -O2  conftest.c >&5
configure:5393: $? = 0
configure:5409: result: yes
configure:5366: checking for inttypes.h
configure:5387: gcc -c -g -O2  conftest.c >&5
configure:5393: $? = 0
configure:5409: result: yes
configure:5366: checking for stdint.h
configure:5387: gcc -c -g -O2  conftest.c >&5
configure:5393: $? = 0
configure:5409: result: yes
configure:5366: checking for unistd.h
configure:5387: gcc -c -g -O2  conftest.c >&5
configure:5393: $? = 0
configure:5409: result: yes
configure:5436: checking dlfcn.h usability
configure:5453: gcc -c -g -O2  conftest.c >&5
configure:5459: $? = 0
configure:5473: result: yes
configure:5477: checking dlfcn.h presence
configure:5492: gcc -E  conftest.c
configure:5498: $? = 0
configure:5512: result: yes
configure:5545: checking for dlfcn.h
configure:5553: result: yes
configure:5576: checking how to run the C++ preprocessor
configure:5612: g++ -E  conftest.cpp
configure:5618: $? = 0
configure:5649: g++ -E  conftest.cpp
conftest.cpp:19:10: fatal error: ac_nonexistent.h: No such file or directory
 #include <ac_nonexistent.h>
          ^~~~~~~~~~~~~~~~~~
compilation terminated.
configure:5655: $? = 1
configure: failed program was:
| /* confdefs.h.  */
| #define PACKAGE_NAME "C Algorithms"
| #define PACKAGE_TARNAME "c-algorithms"
| #define PACKAGE_VERSION "1.2.0"
| #define PACKAGE_STRING "C Algorithms 1.2.0"
| #define PACKAGE_BUGREPORT "fraggle@users.sourceforge.net"
| #define STDC_HEADERS 1
| #define HAVE_SYS_TYPES_H 1
| #define HAVE_SYS_STAT_H 1
| #define HAVE_STDLIB_H 1
| #define HAVE_STRING_H 1
| #define HAVE_MEMORY_H 1
| #define HAVE_STRINGS_H 1
| #define HAVE_INTTYPES_H 1
| #define HAVE_STDINT_H 1
| #define HAVE_UNISTD_H 1
| #define HAVE_DLFCN_H 1
| /* end confdefs.h.  */
| #include <ac_nonexistent.h>
configure:5688: result: g++ -E
configure:5717: g++ -E  conftest.cpp
configure:5723: $? = 0
configure:5754: g++ -E  conftest.cpp
conftest.cpp:19:10: fatal error: ac_nonexistent.h: No such file or directory
 #include <ac_nonexistent.h>
          ^~~~~~~~~~~~~~~~~~
compilation terminated.
configure:5760: $? = 1
configure: failed program was:
| /* confdefs.h.  */
| #define PACKAGE_NAME "C Algorithms"
| #define PACKAGE_TARNAME "c-algorithms"
| #define PACKAGE_VERSION "1.2.0"
| #define PACKAGE_STRING "C Algorithms 1.2.0"
| #define PACKAGE_BUGREPORT "fraggle@users.sourceforge.net"
| #define STDC_HEADERS 1
| #define HAVE_SYS_TYPES_H 1
| #define HAVE_SYS_STAT_H 1
| #define HAVE_STDLIB_H 1
| #define HAVE_STRING_H 1
| #define HAVE_MEMORY_H 1
| #define HAVE_STRINGS_H 1
| #define HAVE_INTTYPES_H 1
| #define HAVE_STDINT_H 1
| #define HAVE_UNISTD_H 1
| #define HAVE_DLFCN_H 1
| /* end confdefs.h.  */
| #include <ac_nonexistent.h>
configure:5853: checking for g77
configure:5883: result: no
configure:5853: checking for xlf
configure:5883: result: no
configure:5853: checking for f77
configure:5883: result: no
configure:5853: checking for frt
configure:5883: result: no
configure:5853: checking for pgf77
configure:5883: result: no
configure:5853: checking for cf77
configure:5883: result: no
configure:5853: checking for fort77
configure:5883: result: no
configure:5853: checking for fl32
configure:5883: result: no
configure:5853: checking for af77
configure:5883: result: no
configure:5853: checking for xlf90
configure:5883: result: no
configure:5853: checking for f90
configure:5883: result: no
configure:5853: checking for pgf90
configure:5883: result: no
configure:5853: checking for pghpf
configure:5883: result: no
configure:5853: checking for epcf90
configure:5883: result: no
configure:5853: checking for gfortran
configure:5883: result: no
configure:5853: checking for g95
configure:5883: result: no
configure:5853: checking for xlf95
configure:5883: result: no
configure:5853: checking for f95
configure:5883: result: no
configure:5853: checking for fort
configure:5883: result: no
configure:5853: checking for ifort
configure:5883: result: no
configure:5853: checking for ifc
configure:5883: result: no
configure:5853: checking for efc
configure:5883: result: no
configure:5853: checking for pgf95
configure:5883: result: no
configure:5853: checking for lf95
configure:5883: result: no
configure:5853: checking for ftn
configure:5883: result: no
configure:5910: checking for Fortran 77 compiler version
configure:5917:  --version >&5
./configure: line 5918: --version: command not found
configure:5920: $? = 127
configure:5927:  -v >&5
./configure: line 5928: -v: command not found
configure:5930: $? = 127
configure:5937:  -V >&5
./configure: line 5938: -V: command not found
configure:5940: $? = 127
configure:5948: checking whether we are using the GNU Fortran 77 compiler
configure:5967:  -c  conftest.F >&5
./configure: line 5968: -c: command not found
configure:5973: $? = 127
configure: failed program was:
|       program main
| #ifndef __GNUC__
|        choke me
| #endif
| 
|       end
configure:5990: result: no
configure:5996: checking whether  accepts -g
configure:6013:  -c -g conftest.f >&5
./configure: line 6014: -c: command not found
configure:6019: $? = 127
configure: failed program was:
|       program main
| 
|       end
configure:6035: result: no
configure:6064: checking the maximum length of command line arguments
configure:6176: result: 1572864
configure:6188: checking command to parse /usr/bin/nm -B output from gcc object
configure:6293: gcc -c -g -O2  conftest.c >&5
configure:6296: $? = 0
configure:6300: /usr/bin/nm -B conftest.o \| sed -n -e 's/^.*[ 	]\([ABCDGIRSTW][ABCDGIRSTW]*\)[ 	][ 	]*\([_A-Za-z][_A-Za-z0-9]*\)$/\1 \2 \2/p' \> conftest.nm
configure:6303: $? = 0
configure:6355: gcc -o conftest -g -O2   conftest.c conftstm.o >&5
configure:6358: $? = 0
configure:6396: result: ok
configure:6400: checking for objdir
configure:6415: result: .libs
configure:6507: checking for ar
configure:6523: found /usr/bin/ar
configure:6534: result: ar
configure:6603: checking for ranlib
configure:6619: found /usr/bin/ranlib
configure:6630: result: ranlib
configure:6699: checking for strip
configure:6715: found /usr/bin/strip
configure:6726: result: strip
configure:7324: checking if gcc supports -fno-rtti -fno-exceptions
configure:7342: gcc -c -g -O2  -fno-rtti -fno-exceptions conftest.c >&5
cc1: warning: command line option '-fno-rtti' is valid for C++/ObjC++ but not for C
configure:7346: $? = 0
configure:7359: result: no
configure:7374: checking for gcc option to produce PIC
configure:7606: result: -fPIC
configure:7614: checking if gcc PIC flag -fPIC works
configure:7632: gcc -c -g -O2  -fPIC -DPIC conftest.c >&5
configure:7636: $? = 0
configure:7649: result: yes
configure:7677: checking if gcc static flag -static works
configure:7705: result: yes
configure:7715: checking if gcc supports -c -o file.o
configure:7736: gcc -c -g -O2  -o out/conftest2.o conftest.c >&5
configure:7740: $? = 0
configure:7762: result: yes
configure:7788: checking whether the gcc linker (/usr/bin/ld -m elf_x86_64) supports shared libraries
configure:8769: result: yes
configure:8790: checking whether -lc should be explicitly linked in
configure:8795: gcc -c -g -O2  conftest.c >&5
configure:8798: $? = 0
configure:8813: gcc -shared conftest.o  -v -Wl,-soname -Wl,conftest -o conftest 2\>\&1 \| grep  -lc  \>/dev/null 2\>\&1
configure:8816: $? = 0
configure:8828: result: no
configure:8836: checking dynamic linker characteristics
configure:9450: result: GNU/Linux ld.so
configure:9474: checking how to hardcode library paths into programs
configure:9499: result: immediate
configure:9513: checking whether stripping libraries is possible
configure:9518: result: yes
configure:10320: checking if libtool supports shared libraries
configure:10322: result: yes
configure:10325: checking whether to build shared libraries
configure:10346: result: yes
configure:10349: checking whether to build static libraries
configure:10353: result: yes
configure:10447: creating libtool
configure:11040: checking for ld used by g++
configure:11107: result: /usr/bin/ld -m elf_x86_64
configure:11116: checking if the linker (/usr/bin/ld -m elf_x86_64) is GNU ld
configure:11131: result: yes
configure:11182: checking whether the g++ linker (/usr/bin/ld -m elf_x86_64) supports shared libraries
configure:12128: result: yes
configure:12145: g++ -c -g -O2  conftest.cpp >&5
configure:12148: $? = 0
configure:12304: checking for g++ option to produce PIC
configure:12588: result: -fPIC
configure:12596: checking if g++ PIC flag -fPIC works
configure:12614: g++ -c -g -O2  -fPIC -DPIC conftest.cpp >&5
configure:12618: $? = 0
configure:12631: result: yes
configure:12659: checking if g++ static flag -static works
configure:12687: result: yes
configure:12697: checking if g++ supports -c -o file.o
configure:12718: g++ -c -g -O2  -o out/conftest2.o conftest.cpp >&5
configure:12722: $? = 0
configure:12744: result: yes
configure:12770: checking whether the g++ linker (/usr/bin/ld -m elf_x86_64) supports shared libraries
configure:12799: result: yes
configure:12866: checking dynamic linker characteristics
configure:13428: result: GNU/Linux ld.so
configure:13452: checking how to hardcode library paths into programs
configure:13477: result: immediate
configure:19737: checking for a BSD-compatible install
configure:19793: result: /usr/bin/install -c
configure:19804: checking whether make sets $(MAKE)
configure:19825: result: yes
configure:20079: creating ./config.status

## ---------------------- ##
## Running config.status. ##
## ---------------------- ##

This file was extended by C Algorithms config.status 1.2.0, which was
generated by GNU Autoconf 2.61.  Invocation command line was

  CONFIG_FILES    = 
  CONFIG_HEADERS  = 
  CONFIG_LINKS    = 
  CONFIG_COMMANDS = 
  $ ./config.status 

on LTHP102018

config.status:670: creating Makefile
config.status:670: creating libcalg-1.0.pc
config.status:670: creating doc/Makefile
config.status:670: creating src/Makefile
config.status:670: creating test/Makefile
config.status:670: creating config.h
config.status:889: config.h is unchanged
config.status:935: executing depfiles commands

## ---------------- ##
## Cache variables. ##
## ---------------- ##

ac_cv_build=x86_64-unknown-linux-gnu
ac_cv_c_compiler_gnu=yes
ac_cv_cxx_compiler_gnu=yes
ac_cv_env_CCC_set=
ac_cv_env_CCC_value=
ac_cv_env_CC_set=
ac_cv_env_CC_value=
ac_cv_env_CFLAGS_set=
ac_cv_env_CFLAGS_value=
ac_cv_env_CPPFLAGS_set=
ac_cv_env_CPPFLAGS_value=
ac_cv_env_CPP_set=
ac_cv_env_CPP_value=
ac_cv_env_CXXCPP_set=
ac_cv_env_CXXCPP_value=
ac_cv_env_CXXFLAGS_set=
ac_cv_env_CXXFLAGS_value=
ac_cv_env_CXX_set=
ac_cv_env_CXX_value=
ac_cv_env_F77_set=
ac_cv_env_F77_value=
ac_cv_env_FFLAGS_set=
ac_cv_env_FFLAGS_value=
ac_cv_env_LDFLAGS_set=
ac_cv_env_LDFLAGS_value=
ac_cv_env_LIBS_set=
ac_cv_env_LIBS_value=
ac_cv_env_build_alias_set=
ac_cv_env_build_alias_value=
ac_cv_env_host_alias_set=
ac_cv_env_host_alias_value=
ac_cv_env_target_alias_set=
ac_cv_env_target_alias_value=
ac_cv_f77_compiler_gnu=no
ac_cv_header_dlfcn_h=yes
ac_cv_header_inttypes_h=yes
ac_cv_header_memory_h=yes
ac_cv_header_stdc=yes
ac_cv_header_stdint_h=yes
ac_cv_header_stdlib_h=yes
ac_cv_header_string_h=yes
ac_cv_header_strings_h=yes
ac_cv_header_sys_stat_h=yes
ac_cv_header_sys_types_h=yes
ac_cv_header_unistd_h=yes
ac_cv_host=x86_64-unknown-linux-gnu
ac_cv_objext=o
ac_cv_path_EGREP='/bin/grep -E'
ac_cv_path_GREP=/bin/grep
ac_cv_path_install='/usr/bin/install -c'
ac_cv_prog_AWK=gawk
ac_cv_prog_CPP='gcc -E'
ac_cv_prog_CXXCPP='g++ -E'
ac_cv_prog_ac_ct_AR=ar
ac_cv_prog_ac_ct_CC=gcc
ac_cv_prog_ac_ct_CXX=g++
ac_cv_prog_ac_ct_RANLIB=ranlib
ac_cv_prog_ac_ct_STRIP=strip
ac_cv_prog_cc_c89=
ac_cv_prog_cc_g=yes
ac_cv_prog_cxx_g=yes
ac_cv_prog_f77_g=no
ac_cv_prog_make_make_set=yes
am_cv_CC_dependencies_compiler_type=gcc3
am_cv_CXX_dependencies_compiler_type=gcc3
lt_cv_deplibs_check_method=pass_all
lt_cv_file_magic_cmd='$MAGIC_CMD'
lt_cv_file_magic_test_file=
lt_cv_ld_reload_flag=-r
lt_cv_objdir=.libs
lt_cv_path_LD=/usr/bin/ld
lt_cv_path_LDCXX='/usr/bin/ld -m elf_x86_64'
lt_cv_path_NM='/usr/bin/nm -B'
lt_cv_path_SED=/bin/sed
lt_cv_prog_compiler_c_o=yes
lt_cv_prog_compiler_c_o_CXX=yes
lt_cv_prog_compiler_pic_works=yes
lt_cv_prog_compiler_pic_works_CXX=yes
lt_cv_prog_compiler_rtti_exceptions=no
lt_cv_prog_compiler_static_works=yes
lt_cv_prog_compiler_static_works_CXX=yes
lt_cv_prog_gnu_ld=yes
lt_cv_prog_gnu_ldcxx=yes
lt_cv_sys_global_symbol_pipe='sed -n -e '\''s/^.*[ 	]\([ABCDGIRSTW][ABCDGIRSTW]*\)[ 	][ 	]*\([_A-Za-z][_A-Za-z0-9]*\)$/\1 \2 \2/p'\'''
lt_cv_sys_global_symbol_to_c_name_address='sed -n -e '\''s/^: \([^ ]*\) $/  {\"\1\", (lt_ptr) 0},/p'\'' -e '\''s/^[BCDEGRST] \([^ ]*\) \([^ ]*\)$/  {"\2", (lt_ptr) \&\2},/p'\'''
lt_cv_sys_global_symbol_to_cdecl='sed -n -e '\''s/^. .* \(.*\)$/extern int \1;/p'\'''
lt_cv_sys_lib_dlsearch_path_spec='/lib /usr/lib /usr/lib/x86_64-linux-gnu/libfakeroot /usr/local/lib /usr/local/lib/x86_64-linux-gnu /lib/x86_64-linux-gnu /usr/lib/x86_64-linux-gnu '
lt_cv_sys_lib_search_path_spec='/usr/lib/gcc/x86_64-linux-gnu/7 /usr/lib/x86_64-linux-gnu /usr/lib /lib/x86_64-linux-gnu /lib'
lt_cv_sys_max_cmd_len=1572864
lt_lt_cv_prog_compiler_c_o='"yes"'
lt_lt_cv_prog_compiler_c_o_CXX='"yes"'
lt_lt_cv_sys_global_symbol_pipe='"sed -n -e '\''s/^.*[ 	]\\([ABCDGIRSTW][ABCDGIRSTW]*\\)[ 	][ 	]*\\([_A-Za-z][_A-Za-z0-9]*\\)\$/\\1 \\2 \\2/p'\''"'
lt_lt_cv_sys_global_symbol_to_c_name_address='"sed -n -e '\''s/^: \\([^ ]*\\) \$/  {\\\"\\1\\\", (lt_ptr) 0},/p'\'' -e '\''s/^[BCDEGRST] \\([^ ]*\\) \\([^ ]*\\)\$/  {\"\\2\", (lt_ptr) \\&\\2},/p'\''"'
lt_lt_cv_sys_global_symbol_to_cdecl='"sed -n -e '\''s/^. .* \\(.*\\)\$/extern int \\1;/p'\''"'

## ----------------- ##
## Output variables. ##
## ----------------- ##

ACLOCAL='${SHELL} /home/vanvv/coding-hub-framework/extlibs/c-algorithms-1.2.0/autotools/missing --run aclocal-1.8'
AMDEPBACKSLASH='\'
AMDEP_FALSE='#'
AMDEP_TRUE=''
AMTAR='${SHELL} /home/vanvv/coding-hub-framework/extlibs/c-algorithms-1.2.0/autotools/missing --run tar'
AR='ar'
AUTOCONF='${SHELL} /home/vanvv/coding-hub-framework/extlibs/c-algorithms-1.2.0/autotools/missing --run autoconf'
AUTOHEADER='${SHELL} /home/vanvv/coding-hub-framework/extlibs/c-algorithms-1.2.0/autotools/missing --run autoheader'
AUTOMAKE='${SHELL} /home/vanvv/coding-hub-framework/extlibs/c-algorithms-1.2.0/autotools/missing --run automake-1.8'
AWK='gawk'
CC='gcc'
CCDEPMODE='depmode=gcc3'
CFLAGS=''
CPP='gcc -E'
CPPFLAGS=''
CXX='g++'
CXXCPP='g++ -E'
CXXDEPMODE='depmode=gcc3'
CXXFLAGS='-g -O2'
CYGPATH_W='echo'
DEFS='-DHAVE_CONFIG_H'
DEPDIR='.deps'
DSYMUTIL=''
ECHO='echo'
ECHO_C=''
ECHO_N='-n'
ECHO_T=''
EGREP='/bin/grep -E'
EXEEXT=''
F77=''
FFLAGS=''
GREP='/bin/grep'
HAVE_VALGRIND=''
INSTALL_DATA='${INSTALL} -m 644'
INSTALL_PROGRAM='${INSTALL}'
INSTALL_SCRIPT='${INSTALL}'
INSTALL_STRIP_PROGRAM='${SHELL} $(install_sh) -c -s'
LDFLAGS=''
LIBOBJS=''
LIBS=''
LIBTOOL='$(SHELL) $(top_builddir)/libtool'
LN_S='ln -s'
LTLIBOBJS=''
MAIN_CFLAGS='-g -O2 -Wall'
MAKEINFO='${SHELL} /home/vanvv/coding-hub-framework/extlibs/c-algorithms-1.2.0/autotools/missing --run makeinfo'
NMEDIT=''
OBJEXT='o'
PACKAGE='c-algorithms'
PACKAGE_BUGREPORT='fraggle@users.sourceforge.net'
PACKAGE_NAME='C Algorithms'
PACKAGE_STRING='C Algorithms 1.2.0'
PACKAGE_TARNAME='c-algorithms'
PACKAGE_VERSION='1.2.0'
PATH_SEPARATOR=':'
RANLIB='ranlib'
SED='/bin/sed'
SET_MAKE=''
SHELL='/bin/bash'
STRIP='strip'
TEST_CFLAGS=' -Wall -O0'
USE_VALGRIND_FALSE=''
USE_VALGRIND_TRUE='#'
VERSION='1.2.0'
ac_aux_dir='autotools'
ac_ct_CC='gcc'
ac_ct_CXX='g++'
ac_ct_F77=''
am__fastdepCC_FALSE='#'
am__fastdepCC_TRUE=''
am__fastdepCXX_FALSE='#'
am__fastdepCXX_TRUE=''
am__include='include'
am__leading_dot='.'
am__quote=''
bindir='${exec_prefix}/bin'
build='x86_64-unknown-linux-gnu'
build_alias=''
build_cpu='x86_64'
build_os='linux-gnu'
build_vendor='unknown'
datadir='${datarootdir}'
datarootdir='${prefix}/share'
docdir='${datarootdir}/doc/${PACKAGE_TARNAME}'
dvidir='${docdir}'
exec_prefix='${prefix}'
host='x86_64-unknown-linux-gnu'
host_alias=''
host_cpu='x86_64'
host_os='linux-gnu'
host_vendor='unknown'
htmldir='${docdir}'
includedir='${prefix}/include'
infodir='${datarootdir}/info'
install_sh='/home/vanvv/coding-hub-framework/extlibs/c-algorithms-1.2.0/autotools/install-sh'
libdir='${exec_prefix}/lib'
libexecdir='${exec_prefix}/libexec'
localedir='${datarootdir}/locale'
localstatedir='${prefix}/var'
mandir='${datarootdir}/man'
mkdir_p='mkdir -p -- .'
oldincludedir='/usr/include'
pdfdir='${docdir}'
prefix='/home/vanvv/coding-hub-framework/extlibs/c-algorithms-1.2.0/install/'
program_transform_name='s,x,x,'
psdir='${docdir}'
sbindir='${exec_prefix}/sbin'
sharedstatedir='${prefix}/com'
sysconfdir='${prefix}/etc'
target_alias=''

## ----------- ##
## confdefs.h. ##
## ----------- ##

#define PACKAGE_NAME "C Algorithms"
#define PACKAGE_TARNAME "c-algorithms"
#define PACKAGE_VERSION "1.2.0"
#define PACKAGE_STRING "C Algorithms 1.2.0"
#define PACKAGE_BUGREPORT "fraggle@users.sourceforge.net"
#define STDC_HEADERS 1
#define HAVE_SYS_TYPES_H 1
#define HAVE_SYS_STAT_H 1
#define HAVE_STDLIB_H 1
#define HAVE_STRING_H 1
#define HAVE_MEMORY_H 1
#define HAVE_STRINGS_H 1
#define HAVE_INTTYPES_H 1
#define HAVE_STDINT_H 1
#define HAVE_UNISTD_H 1
#define HAVE_DLFCN_H 1

configure: exit 0
